<?xml version="1.0" encoding="UTF-8"?>
<testsuite xmlns:xsi="http://www.w3.org/2001/XMLSchema-instance" xsi:noNamespaceSchemaLocation="https://maven.apache.org/surefire/maven-surefire-plugin/xsd/surefire-test-report-3.0.xsd" version="3.0" name="TestSuite" time="18.594" tests="5" errors="0" skipped="0" failures="0">
  <properties>
[...]
</properties>
  <testcase name="runScenario[&quot;Navigating to the forgotten password page&quot;, &quot;Login Functionality for OpenCart E-commerce Website&quot;](1)" classname="runner.TestRunner" time="15.635">
    <system-out><![CDATA[
Scenario Outline: Unsuccessful login with invalid or empty credentials                                  # src/test/resources/features/LoginPage.feature:23

Scenario Outline: Unsuccessful login with invalid or empty credentials                                  # src/test/resources/features/LoginPage.feature:24

Scenario Outline: Unsuccessful login with invalid or empty credentials                                  # src/test/resources/features/LoginPage.feature:22

Scenario: Navigating to the forgotten password page      # src/test/resources/features/LoginPage.feature:26

Scenario: Successful login with valid credentials    # src/test/resources/features/LoginPage.feature:10
  Given I am on the OpenCart login page              # opencartApplication.CucumberMavenProject.stepdefs.LoginPageStepDef.i_am_on_the_open_cart_login_page()
  Given I am on the OpenCart login page                                                                 # opencartApplication.CucumberMavenProject.stepdefs.LoginPageStepDef.i_am_on_the_open_cart_login_page()
  Given I am on the OpenCart login page                                                                 # opencartApplication.CucumberMavenProject.stepdefs.LoginPageStepDef.i_am_on_the_open_cart_login_page()
  Given I am on the OpenCart login page                  # opencartApplication.CucumberMavenProject.stepdefs.LoginPageStepDef.i_am_on_the_open_cart_login_page()
  Given I am on the OpenCart login page                                                                 # opencartApplication.CucumberMavenProject.stepdefs.LoginPageStepDef.i_am_on_the_open_cart_login_page()
  Given I have entered invalid "abcccc" and "validPassword"                                             # opencartApplication.CucumberMavenProject.stepdefs.LoginPageStepDef.i_have_entered_invalid_and(java.lang.String,java.lang.String)
  Given I have entered invalid "invalid@email.com" and "invalidPassword"                                # opencartApplication.CucumberMavenProject.stepdefs.LoginPageStepDef.i_have_entered_invalid_and(java.lang.String,java.lang.String)
  Given I have entered a valid username and password # opencartApplication.CucumberMavenProject.stepdefs.LoginPageStepDef.i_have_entered_a_valid_username_and_password()
  When I click on the "Forgotten Password" link          # opencartApplication.CucumberMavenProject.stepdefs.LoginPageStepDef.i_click_on_the_forgotten_password_link()
  Then I should be redirected to the password reset page # opencartApplication.CucumberMavenProject.stepdefs.LoginPageStepDef.i_should_be_redirected_to_the_password_reset_page()
  Given I have entered invalid "valid@email.com" and "abccc"                                            # opencartApplication.CucumberMavenProject.stepdefs.LoginPageStepDef.i_have_entered_invalid_and(java.lang.String,java.lang.String)
]]></system-out>
    <system-err><![CDATA[SLF4J: Failed to load class "org.slf4j.impl.StaticLoggerBinder".
SLF4J: Defaulting to no-operation (NOP) logger implementation
SLF4J: See http://www.slf4j.org/codes.html#StaticLoggerBinder for further details.
]]></system-err>
  </testcase>
  <testcase name="runScenario[&quot;Unsuccessful login with invalid or empty credentials&quot;, &quot;Login Functionality for OpenCart E-commerce Website&quot;](2)" classname="runner.TestRunner" time="15.871">
    <system-out><![CDATA[  When I click on the login button                                                                      # opencartApplication.CucumberMavenProject.stepdefs.LoginPageStepDef.i_click_on_the_login_button()
  When I click on the login button                                                                      # opencartApplication.CucumberMavenProject.stepdefs.LoginPageStepDef.i_click_on_the_login_button()
  When I click on the login button                                                                      # opencartApplication.CucumberMavenProject.stepdefs.LoginPageStepDef.i_click_on_the_login_button()
  Then I should see an error message indicating "Warning: No match for E-Mail Address and/or Password." # opencartApplication.CucumberMavenProject.stepdefs.LoginPageStepDef.i_should_see_an_error_message_indicating(java.lang.String)
  Then I should see an error message indicating "Warning: No match for E-Mail Address and/or Password." # opencartApplication.CucumberMavenProject.stepdefs.LoginPageStepDef.i_should_see_an_error_message_indicating(java.lang.String)
  Then I should see an error message indicating "Warning: No match for E-Mail Address and/or Password." # opencartApplication.CucumberMavenProject.stepdefs.LoginPageStepDef.i_should_see_an_error_message_indicating(java.lang.String)
  When I click on the login button                   # opencartApplication.CucumberMavenProject.stepdefs.LoginPageStepDef.i_click_on_the_login_button()
  Then I should be logged in successfully            # opencartApplication.CucumberMavenProject.stepdefs.LoginPageStepDef.i_should_be_logged_in_successfully()
]]></system-out>
  </testcase>
  <testcase name="runScenario[&quot;Unsuccessful login with invalid or empty credentials&quot;, &quot;Login Functionality for OpenCart E-commerce Website&quot;](3)" classname="runner.TestRunner" time="15.906"/>
  <testcase name="runScenario[&quot;Unsuccessful login with invalid or empty credentials&quot;, &quot;Login Functionality for OpenCart E-commerce Website&quot;](4)" classname="runner.TestRunner" time="15.913"/>
  <testcase name="runScenario[&quot;Successful login with valid credentials&quot;, &quot;Login Functionality for OpenCart E-commerce Website&quot;](5)" classname="runner.TestRunner" time="15.976"/>
</testsuite>