<?xml version="1.0" encoding="UTF-8"?>
<testsuite xmlns:xsi="http://www.w3.org/2001/XMLSchema-instance" xsi:noNamespaceSchemaLocation="https://maven.apache.org/surefire/maven-surefire-plugin/xsd/surefire-test-report.xsd" name="TestSuite" time="9.993" tests="5" errors="0" skipped="0" failures="0">
  <properties>
[...]
</properties>
  <testcase name="runScenario" classname="runner.TestRunner" time="6.902"/>
  <testcase name="runScenario" classname="runner.TestRunner" time="6.902"/>
  <testcase name="runScenario" classname="runner.TestRunner" time="6.904"/>
  <testcase name="runScenario" classname="runner.TestRunner" time="7.308"/>
  <testcase name="runScenario" classname="runner.TestRunner" time="7.513"/>
</testsuite>